------------------------------
Beginning Data Retrieval
------------------------------
Processing Record 0 of Set 1 | mataura
Processing Record 1 of Set 1 | tiksi
Processing Record 2 of Set 1 | yulara
Processing Record 3 of Set 1 | yzeure
Processing Record 4 of Set 1 | kahului
Processing Record 5 of Set 1 | plouzane
Processing Record 6 of Set 1 | bilma
Processing Record 7 of Set 1 | new norfolk
Processing Record 8 of Set 1 | asfi
City not found. Skipping...
Processing Record 9 of Set 1 | hermanus
Processing Record 10 of Set 1 | cape town
Processing Record 11 of Set 1 | onega
Processing Record 12 of Set 1 | thompson
Processing Record 13 of Set 1 | kieta
Processing Record 14 of Set 1 | lhokseumawe
Processing Record 15 of Set 1 | illoqqortoormiut
City not found. Skipping...
Processing Record 16 of Set 1 | saint combs
City not found. Skipping...
Processing Record 17 of Set 1 | banda aceh
Processing Record 18 of Set 1 | roebourne
Processing Record 19 of Set 1 | fortuna
Processing Record 20 of Set 1 | rikitea
Processing Record 21 of Set 1 | albany
Processing Record 22 of Set 1 | punta arenas
Processing Record 23 of Set 1 | los llanos de aridane
Processing Record 24 of Set 1 | vaini
Processing Record 25 of Set 1 | alofi
Processing Record 26 of Set 1 | cherskiy
Processing Record 27 of Set 1 | berbera
City not found. Skipping...
Processing Record 28 of Set 1 | toliary
City not found. Skipping...
Processing Record 29 of Set 1 | bredasdorp
Processing Record 30 of Set 1 | qaanaaq
Processing Record 31 of Set 1 | saint-philippe
Processing Record 32 of Set 1 | san patricio
Processing Record 33 of Set 1 | ushuaia
Processing Record 34 of Set 1 | takikawa
Processing Record 35 of Set 1 | hobart
Processing Record 36 of Set 1 | mar del plata
Processing Record 37 of Set 1 | namibe
Processing Record 38 of Set 1 | onguday
Processing Record 39 of Set 1 | atuona
Processing Record 40 of Set 1 | busselton
Processing Record 41 of Set 1 | carnarvon
Processing Record 42 of Set 1 | san quintin
Processing Record 43 of Set 1 | bolungarvik
City not found. Skipping...
Processing Record 44 of Set 1 | cabo san lucas
Processing Record 45 of Set 1 | sicuani
Processing Record 46 of Set 1 | lompoc
Processing Record 47 of Set 1 | ostrovnoy
Processing Record 48 of Set 1 | chuy
Processing Record 49 of Set 1 | cagayan de tawi-tawi
City not found. Skipping...
Processing Record 0 of Set 2 | genhe
Processing Record 1 of Set 2 | wesselsbron
Processing Record 2 of Set 2 | kodiak
Processing Record 3 of Set 2 | redlands
Processing Record 4 of Set 2 | airai
Processing Record 5 of Set 2 | lodja
Processing Record 6 of Set 2 | avarua
Processing Record 7 of Set 2 | asyut
Processing Record 8 of Set 2 | skalistyy
City not found. Skipping...
Processing Record 9 of Set 2 | katsuura
Processing Record 10 of Set 2 | bardiyah
City not found. Skipping...
Processing Record 11 of Set 2 | oak ridge
Processing Record 12 of Set 2 | port-cartier
Processing Record 13 of Set 2 | west point
Processing Record 14 of Set 2 | longyearbyen
Processing Record 15 of Set 2 | henties bay
Processing Record 16 of Set 2 | kavaratti
Processing Record 17 of Set 2 | castro
Processing Record 18 of Set 2 | makakilo city
Processing Record 19 of Set 2 | barentsburg
City not found. Skipping...
Processing Record 20 of Set 2 | saskylakh
Processing Record 21 of Set 2 | ancud
Processing Record 22 of Set 2 | basco
Processing Record 23 of Set 2 | lagoa
Processing Record 24 of Set 2 | iqaluit
Processing Record 25 of Set 2 | anadyr
Processing Record 26 of Set 2 | itarema
Processing Record 27 of Set 2 | tuktoyaktuk
Processing Record 28 of Set 2 | sao filipe
Processing Record 29 of Set 2 | dikson
Processing Record 30 of Set 2 | loandjili
Processing Record 31 of Set 2 | chushan
Processing Record 32 of Set 2 | hambantota
Processing Record 33 of Set 2 | east london
Processing Record 34 of Set 2 | jamestown
Processing Record 35 of Set 2 | beringovskiy
Processing Record 36 of Set 2 | makushino
Processing Record 37 of Set 2 | acu
Processing Record 38 of Set 2 | high rock
Processing Record 39 of Set 2 | souillac
Processing Record 40 of Set 2 | college
Processing Record 41 of Set 2 | hasaki
Processing Record 42 of Set 2 | nome
Processing Record 43 of Set 2 | oistins
Processing Record 44 of Set 2 | lebu
Processing Record 45 of Set 2 | bonthe
Processing Record 46 of Set 2 | manaure
Processing Record 47 of Set 2 | verkh-usugli
Processing Record 48 of Set 2 | upernavik
Processing Record 49 of Set 2 | veraval
Processing Record 0 of Set 3 | esperance
Processing Record 1 of Set 3 | port shepstone
Processing Record 2 of Set 3 | mouzakion
City not found. Skipping...
Processing Record 3 of Set 3 | grand river south east
City not found. Skipping...
Processing Record 4 of Set 3 | vao
Processing Record 5 of Set 3 | bambous virieux
Processing Record 6 of Set 3 | aginskoye
Processing Record 7 of Set 3 | otane
Processing Record 8 of Set 3 | camacari
Processing Record 9 of Set 3 | maun
Processing Record 10 of Set 3 | awjilah
Processing Record 11 of Set 3 | vardo
Processing Record 12 of Set 3 | hilo
Processing Record 13 of Set 3 | neiafu
Processing Record 14 of Set 3 | sambava
Processing Record 15 of Set 3 | malanje
Processing Record 16 of Set 3 | yellowknife
Processing Record 17 of Set 3 | narsaq
Processing Record 18 of Set 3 | mantua
Processing Record 19 of Set 3 | hithadhoo
Processing Record 20 of Set 3 | nanortalik
Processing Record 21 of Set 3 | manicore
Processing Record 22 of Set 3 | north bend
Processing Record 23 of Set 3 | creel
Processing Record 24 of Set 3 | bengkulu
City not found. Skipping...
Processing Record 25 of Set 3 | erice
Processing Record 26 of Set 3 | lalomanu
City not found. Skipping...
Processing Record 27 of Set 3 | georgetown
Processing Record 28 of Set 3 | azoyu
Processing Record 29 of Set 3 | rawson
Processing Record 30 of Set 3 | bethel
Processing Record 31 of Set 3 | bluff
Processing Record 32 of Set 3 | nikolskoye
Processing Record 33 of Set 3 | tasiilaq
Processing Record 34 of Set 3 | bargal
City not found. Skipping...
Processing Record 35 of Set 3 | flinders
Processing Record 36 of Set 3 | denham springs
Processing Record 37 of Set 3 | alotau
City not found. Skipping...
Processing Record 38 of Set 3 | yar-sale
Processing Record 39 of Set 3 | victoria
Processing Record 40 of Set 3 | port alfred
Processing Record 41 of Set 3 | awassa
City not found. Skipping...
Processing Record 42 of Set 3 | hamilton
Processing Record 43 of Set 3 | taolanaro
City not found. Skipping...
Processing Record 44 of Set 3 | kloulklubed
Processing Record 45 of Set 3 | aykhal
Processing Record 46 of Set 3 | saint george
Processing Record 47 of Set 3 | talant
Processing Record 48 of Set 3 | kisangani
Processing Record 49 of Set 3 | hanzhong
Processing Record 0 of Set 4 | vaitupu
City not found. Skipping...
Processing Record 1 of Set 4 | luanda
Processing Record 2 of Set 4 | mys shmidta
City not found. Skipping...
Processing Record 3 of Set 4 | arraial do cabo
Processing Record 4 of Set 4 | ponta do sol
Processing Record 5 of Set 4 | khatanga
Processing Record 6 of Set 4 | manadhoo
Processing Record 7 of Set 4 | suntar
Processing Record 8 of Set 4 | san juan
Processing Record 9 of Set 4 | butte
Processing Record 10 of Set 4 | nouadhibou
Processing Record 11 of Set 4 | norman wells
Processing Record 12 of Set 4 | macaboboni
City not found. Skipping...
Processing Record 13 of Set 4 | rio gallegos
Processing Record 14 of Set 4 | northam
Processing Record 15 of Set 4 | leh
Processing Record 16 of Set 4 | muvattupula
Processing Record 17 of Set 4 | havoysund
Processing Record 18 of Set 4 | xuddur
Processing Record 19 of Set 4 | kapaa
Processing Record 20 of Set 4 | touros
Processing Record 21 of Set 4 | abu dhabi
Processing Record 22 of Set 4 | linjiang
Processing Record 23 of Set 4 | san cristobal
Processing Record 24 of Set 4 | llandrindod wells
Processing Record 25 of Set 4 | rio grande
Processing Record 26 of Set 4 | aquiraz
Processing Record 27 of Set 4 | houma
Processing Record 28 of Set 4 | novyy urengoy
Processing Record 29 of Set 4 | bambanglipuro
Processing Record 30 of Set 4 | lata
Processing Record 31 of Set 4 | vallenar
Processing Record 32 of Set 4 | prince rupert
Processing Record 33 of Set 4 | saint-marc-des-carrieres
Processing Record 34 of Set 4 | mumbwa
Processing Record 35 of Set 4 | butaritari
Processing Record 36 of Set 4 | tasbuget
City not found. Skipping...
Processing Record 37 of Set 4 | talnakh
Processing Record 38 of Set 4 | bosaso
Processing Record 39 of Set 4 | wuchang
Processing Record 40 of Set 4 | marovoay
Processing Record 41 of Set 4 | emilio carranza
Processing Record 42 of Set 4 | leningradskiy
Processing Record 43 of Set 4 | vahan
Processing Record 44 of Set 4 | sheridan
Processing Record 45 of Set 4 | adrar
Processing Record 46 of Set 4 | la palma
Processing Record 47 of Set 4 | lavrentiya
Processing Record 48 of Set 4 | faanui
Processing Record 49 of Set 4 | collie
Processing Record 0 of Set 5 | clyde river
Processing Record 1 of Set 5 | cayenne
Processing Record 2 of Set 5 | malabang
Processing Record 3 of Set 5 | bowen
Processing Record 4 of Set 5 | samarinda
Processing Record 5 of Set 5 | alghero
Processing Record 6 of Set 5 | belushya guba
City not found. Skipping...
Processing Record 7 of Set 5 | teixoso
Processing Record 8 of Set 5 | vikindu
Processing Record 9 of Set 5 | nantucket
Processing Record 10 of Set 5 | carutapera
Processing Record 11 of Set 5 | olavarria
Processing Record 12 of Set 5 | chunskiy
Processing Record 13 of Set 5 | eyl
Processing Record 14 of Set 5 | byron bay
Processing Record 15 of Set 5 | torbay
Processing Record 16 of Set 5 | port lincoln
Processing Record 17 of Set 5 | lityn
Processing Record 18 of Set 5 | bjornevatn
Processing Record 19 of Set 5 | palabuhanratu
City not found. Skipping...
Processing Record 20 of Set 5 | puerto ayora
Processing Record 21 of Set 5 | kamenskoye
City not found. Skipping...
Processing Record 22 of Set 5 | amderma
City not found. Skipping...
Processing Record 23 of Set 5 | khvatovka
Processing Record 24 of Set 5 | porto novo
Processing Record 25 of Set 5 | terney
Processing Record 26 of Set 5 | palmer
Processing Record 27 of Set 5 | leshukonskoye
Processing Record 28 of Set 5 | burica
City not found. Skipping...
Processing Record 29 of Set 5 | viedma
Processing Record 30 of Set 5 | trairi
Processing Record 31 of Set 5 | ban dung
Processing Record 32 of Set 5 | shingu
Processing Record 33 of Set 5 | port elizabeth
Processing Record 34 of Set 5 | barrow
Processing Record 35 of Set 5 | khanpur
Processing Record 36 of Set 5 | codrington
Processing Record 37 of Set 5 | tezu
Processing Record 38 of Set 5 | nacala
Processing Record 39 of Set 5 | cabo rojo
Processing Record 40 of Set 5 | mukhen
Processing Record 41 of Set 5 | provideniya
Processing Record 42 of Set 5 | kaitangata
Processing Record 43 of Set 5 | mount gambier
Processing Record 44 of Set 5 | zhicheng
Processing Record 45 of Set 5 | lasa
Processing Record 46 of Set 5 | puerto cabello
Processing Record 47 of Set 5 | rolla
Processing Record 48 of Set 5 | fort nelson
Processing Record 49 of Set 5 | kastamonu
Processing Record 0 of Set 6 | yanam
Processing Record 1 of Set 6 | palasa
City not found. Skipping...
Processing Record 2 of Set 6 | wanning
Processing Record 3 of Set 6 | batticaloa
Processing Record 4 of Set 6 | aksarka
Processing Record 5 of Set 6 | necochea
Processing Record 6 of Set 6 | yerbogachen
Processing Record 7 of Set 6 | emba
Processing Record 8 of Set 6 | marawi
Processing Record 9 of Set 6 | kyzyl-suu
Processing Record 10 of Set 6 | tabiauea
City not found. Skipping...
Processing Record 11 of Set 6 | port moresby
Processing Record 12 of Set 6 | san policarpo
Processing Record 13 of Set 6 | sitka
Processing Record 14 of Set 6 | kangshan
Processing Record 15 of Set 6 | trebinje
Processing Record 16 of Set 6 | kenai
Processing Record 17 of Set 6 | half moon bay
Processing Record 18 of Set 6 | nizhneyansk
City not found. Skipping...
Processing Record 19 of Set 6 | husavik
Processing Record 20 of Set 6 | klaksvik
Processing Record 21 of Set 6 | skibbereen
Processing Record 22 of Set 6 | cheuskiny
City not found. Skipping...
Processing Record 23 of Set 6 | la ronge
Processing Record 24 of Set 6 | faya
Processing Record 25 of Set 6 | chengde
Processing Record 26 of Set 6 | topolobampo
Processing Record 27 of Set 6 | toccoa
Processing Record 28 of Set 6 | kruisfontein
Processing Record 29 of Set 6 | labutta
City not found. Skipping...
Processing Record 30 of Set 6 | sulecin
Processing Record 31 of Set 6 | yenagoa
Processing Record 32 of Set 6 | saleaula
City not found. Skipping...
Processing Record 33 of Set 6 | amahai
Processing Record 34 of Set 6 | semnan
Processing Record 35 of Set 6 | vernon
Processing Record 36 of Set 6 | primorsk
Processing Record 37 of Set 6 | cap malheureux
Processing Record 38 of Set 6 | praia da vitoria
Processing Record 39 of Set 6 | coahuayana
Processing Record 40 of Set 6 | bathsheba
Processing Record 41 of Set 6 | miramar
Processing Record 42 of Set 6 | fallon
Processing Record 43 of Set 6 | aketi
Processing Record 44 of Set 6 | okha
Processing Record 45 of Set 6 | lewistown
Processing Record 46 of Set 6 | gasa
Processing Record 47 of Set 6 | merauke
Processing Record 48 of Set 6 | moranbah
Processing Record 49 of Set 6 | bira
Processing Record 0 of Set 7 | broken hill
Processing Record 1 of Set 7 | santa cruz del sur
Processing Record 2 of Set 7 | tharad
Processing Record 3 of Set 7 | bamnet narong
Processing Record 4 of Set 7 | ouallam
Processing Record 5 of Set 7 | meulaboh
Processing Record 6 of Set 7 | san isidro
Processing Record 7 of Set 7 | bergisch gladbach
Processing Record 8 of Set 7 | arica
Processing Record 9 of Set 7 | santa lucia
Processing Record 10 of Set 7 | ribeira grande
Processing Record 11 of Set 7 | mehamn
Processing Record 12 of Set 7 | santa marta
Processing Record 13 of Set 7 | pangnirtung
Processing Record 14 of Set 7 | namatanai
Processing Record 15 of Set 7 | mount isa
Processing Record 16 of Set 7 | ishikawa
Processing Record 17 of Set 7 | sur
Processing Record 18 of Set 7 | uzice
Processing Record 19 of Set 7 | minot
Processing Record 20 of Set 7 | brae
Processing Record 21 of Set 7 | padang
Processing Record 22 of Set 7 | ramsar
Processing Record 23 of Set 7 | wukari
Processing Record 24 of Set 7 | chapais
Processing Record 25 of Set 7 | kasama
Processing Record 26 of Set 7 | viljoenskroon
Processing Record 27 of Set 7 | komsomolskiy
Processing Record 28 of Set 7 | yumen
Processing Record 29 of Set 7 | gat
Processing Record 30 of Set 7 | pangody
Processing Record 31 of Set 7 | huinan
Processing Record 32 of Set 7 | chagda
City not found. Skipping...
Processing Record 33 of Set 7 | samusu
City not found. Skipping...
Processing Record 34 of Set 7 | homer
Processing Record 35 of Set 7 | vila velha
Processing Record 36 of Set 7 | deputatskiy
Processing Record 37 of Set 7 | aklavik
Processing Record 38 of Set 7 | marystown
Processing Record 39 of Set 7 | gizo
Processing Record 40 of Set 7 | bandar penggaram
City not found. Skipping...
Processing Record 41 of Set 7 | wencheng
Processing Record 42 of Set 7 | sarh
Processing Record 43 of Set 7 | boromo
Processing Record 44 of Set 7 | owen sound
Processing Record 45 of Set 7 | fairbanks
Processing Record 46 of Set 7 | villa maria
Processing Record 47 of Set 7 | gorontalo
Processing Record 48 of Set 7 | karkaralinsk
City not found. Skipping...
Processing Record 49 of Set 7 | luderitz
Processing Record 0 of Set 8 | canatlan
Processing Record 1 of Set 8 | thongwa
Processing Record 2 of Set 8 | maymyo
Processing Record 3 of Set 8 | surt
Processing Record 4 of Set 8 | umzimvubu
City not found. Skipping...
Processing Record 5 of Set 8 | san jeronimo
Processing Record 6 of Set 8 | carquefou
Processing Record 7 of Set 8 | bentiu
City not found. Skipping...
Processing Record 8 of Set 8 | birigui
Processing Record 9 of Set 8 | manokwari
Processing Record 10 of Set 8 | lovozero
Processing Record 11 of Set 8 | uyskoye
Processing Record 12 of Set 8 | shahr-e kord
Processing Record 13 of Set 8 | puerto rondon
Processing Record 14 of Set 8 | juneau
Processing Record 15 of Set 8 | athabasca
Processing Record 16 of Set 8 | chokurdakh
Processing Record 17 of Set 8 | maidstone
Processing Record 18 of Set 8 | we
City not found. Skipping...
Processing Record 19 of Set 8 | aksu
Processing Record 20 of Set 8 | daru
Processing Record 21 of Set 8 | cidreira
Processing Record 22 of Set 8 | high prairie
Processing Record 23 of Set 8 | bandarbeyla
Processing Record 24 of Set 8 | saiha
Processing Record 25 of Set 8 | dukat
Processing Record 26 of Set 8 | filingue
Processing Record 27 of Set 8 | aleksandrovskoye
Processing Record 28 of Set 8 | kalianget
Processing Record 29 of Set 8 | dubbo
Processing Record 30 of Set 8 | atar
Processing Record 31 of Set 8 | dakar
Processing Record 32 of Set 8 | churachandpur
Processing Record 33 of Set 8 | tsihombe
City not found. Skipping...
Processing Record 34 of Set 8 | portland
Processing Record 35 of Set 8 | salalah
Processing Record 36 of Set 8 | severo-kurilsk
Processing Record 37 of Set 8 | toyooka
Processing Record 38 of Set 8 | lugovoy
Processing Record 39 of Set 8 | tuatapere
Processing Record 40 of Set 8 | poum
Processing Record 41 of Set 8 | rundu
Processing Record 42 of Set 8 | tumannyy
City not found. Skipping...
Processing Record 43 of Set 8 | bairiki
City not found. Skipping...
Processing Record 44 of Set 8 | coquimbo
Processing Record 45 of Set 8 | cockburn harbour
City not found. Skipping...
Processing Record 46 of Set 8 | ahipara
Processing Record 47 of Set 8 | zyryanskoye
Processing Record 48 of Set 8 | constitucion
Processing Record 49 of Set 8 | normandin
Processing Record 0 of Set 9 | guerrero negro
Processing Record 1 of Set 9 | shimoda
Processing Record 2 of Set 9 | cape coast
Processing Record 3 of Set 9 | aranos
Processing Record 4 of Set 9 | mahebourg
Processing Record 5 of Set 9 | pilar
Processing Record 6 of Set 9 | lorengau
Processing Record 7 of Set 9 | qaqortoq
Processing Record 8 of Set 9 | ko samui
Processing Record 9 of Set 9 | carndonagh
Processing Record 10 of Set 9 | dakoro
Processing Record 11 of Set 9 | qui nhon
City not found. Skipping...
Processing Record 12 of Set 9 | chicama
Processing Record 13 of Set 9 | broome
Processing Record 14 of Set 9 | fasa
Processing Record 15 of Set 9 | ngukurr
City not found. Skipping...
Processing Record 16 of Set 9 | marsabit
Processing Record 17 of Set 9 | pochutla
Processing Record 18 of Set 9 | yarada
Processing Record 19 of Set 9 | savannah bight
Processing Record 20 of Set 9 | kavieng
Processing Record 21 of Set 9 | blackwater
Processing Record 22 of Set 9 | labuhan
Processing Record 23 of Set 9 | comodoro rivadavia
Processing Record 24 of Set 9 | vila franca do campo
Processing Record 25 of Set 9 | makat
Processing Record 26 of Set 9 | sentyabrskiy
City not found. Skipping...
Processing Record 27 of Set 9 | kandrian
Processing Record 28 of Set 9 | songjianghe
Processing Record 29 of Set 9 | lexington
Processing Record 30 of Set 9 | awbari
Processing Record 31 of Set 9 | castletown
Processing Record 32 of Set 9 | goma
Processing Record 33 of Set 9 | north platte
Processing Record 34 of Set 9 | changde
Processing Record 35 of Set 9 | verkhnevilyuysk
Processing Record 36 of Set 9 | farah
Processing Record 37 of Set 9 | dingle
Processing Record 38 of Set 9 | goundam
Processing Record 39 of Set 9 | tizapan el alto
Processing Record 40 of Set 9 | osterhofen
Processing Record 41 of Set 9 | sinnamary
Processing Record 42 of Set 9 | pevek
Processing Record 43 of Set 9 | port hardy
Processing Record 44 of Set 9 | carmelo
Processing Record 45 of Set 9 | attawapiskat
City not found. Skipping...
Processing Record 46 of Set 9 | anderlues
Processing Record 47 of Set 9 | imbituba
Processing Record 48 of Set 9 | muzhi
Processing Record 49 of Set 9 | ixtapa
Processing Record 0 of Set 10 | yacuiba
Processing Record 1 of Set 10 | mongoumba
Processing Record 2 of Set 10 | yuzhno-yeniseyskiy
City not found. Skipping...
Processing Record 3 of Set 10 | zhanakorgan
Processing Record 4 of Set 10 | jacareacanga
Processing Record 5 of Set 10 | solovetskiy
City not found. Skipping...
Processing Record 6 of Set 10 | cockburn town
Processing Record 7 of Set 10 | murgab
Processing Record 8 of Set 10 | ulladulla
Processing Record 9 of Set 10 | port hedland
Processing Record 10 of Set 10 | mackay
Processing Record 11 of Set 10 | sechura
Processing Record 12 of Set 10 | hobyo
Processing Record 13 of Set 10 | balabac
Processing Record 14 of Set 10 | sao luis de montes belos
Processing Record 15 of Set 10 | harlingen
Processing Record 16 of Set 10 | katherine
Processing Record 17 of Set 10 | ust-kamchatsk
City not found. Skipping...
Processing Record 18 of Set 10 | asau
City not found. Skipping...
Processing Record 19 of Set 10 | boa vista
Processing Record 20 of Set 10 | nguiu
City not found. Skipping...
Processing Record 21 of Set 10 | kabinda
Processing Record 22 of Set 10 | gornopravdinsk
Processing Record 23 of Set 10 | ilulissat
Processing Record 24 of Set 10 | chokwe
City not found. Skipping...
Processing Record 25 of Set 10 | kilindoni
Processing Record 26 of Set 10 | port blair
Processing Record 27 of Set 10 | benguela
Processing Record 28 of Set 10 | ukiah
Processing Record 29 of Set 10 | erenhot
Processing Record 30 of Set 10 | pisco
Processing Record 31 of Set 10 | werda
Processing Record 32 of Set 10 | tawau
Processing Record 33 of Set 10 | buzmeyin
Processing Record 34 of Set 10 | baykit
Processing Record 35 of Set 10 | maceio
Processing Record 36 of Set 10 | yining
Processing Record 37 of Set 10 | poddorye
Processing Record 38 of Set 10 | kamenka
Processing Record 39 of Set 10 | zheleznodorozhnyy
Processing Record 40 of Set 10 | shelburne
Processing Record 41 of Set 10 | saldanha
Processing Record 42 of Set 10 | sola
Processing Record 43 of Set 10 | teguise
Processing Record 44 of Set 10 | kondoa
Processing Record 45 of Set 10 | sao joao da barra
Processing Record 46 of Set 10 | zhigansk
Processing Record 47 of Set 10 | gazanjyk
Processing Record 48 of Set 10 | bac lieu
City not found. Skipping...
Processing Record 49 of Set 10 | sulangan
Processing Record 0 of Set 11 | santiago de cao
Processing Record 1 of Set 11 | marabba
Processing Record 2 of Set 11 | dubenskiy
City not found. Skipping...
Processing Record 3 of Set 11 | imeni poliny osipenko
Processing Record 4 of Set 11 | bonavista
Processing Record 5 of Set 11 | naruja
Processing Record 6 of Set 11 | pasighat
Processing Record 7 of Set 11 | harper
Processing Record 8 of Set 11 | baiquan
Processing Record 9 of Set 11 | karpushikha
Processing Record 10 of Set 11 | lucapa
Processing Record 11 of Set 11 | sioux lookout
Processing Record 12 of Set 11 | eirunepe
Processing Record 13 of Set 11 | bulungu
Processing Record 14 of Set 11 | peabiru
Processing Record 15 of Set 11 | krasnoselkup
City not found. Skipping...
Processing Record 16 of Set 11 | kansanshi
Processing Record 17 of Set 11 | berdigestyakh
Processing Record 18 of Set 11 | trincomalee
Processing Record 19 of Set 11 | lubao
Processing Record 20 of Set 11 | washim
Processing Record 21 of Set 11 | xinyang
Processing Record 22 of Set 11 | richmond
Processing Record 23 of Set 11 | red bluff
Processing Record 24 of Set 11 | melilla
Processing Record 25 of Set 11 | ada
Processing Record 26 of Set 11 | easton
Processing Record 27 of Set 11 | elizabeth city
Processing Record 28 of Set 11 | layou
City not found. Skipping...
Processing Record 29 of Set 11 | serenje
Processing Record 30 of Set 11 | laguna
Processing Record 31 of Set 11 | havre-saint-pierre
Processing Record 32 of Set 11 | glendive
Processing Record 33 of Set 11 | hualmay
Processing Record 34 of Set 11 | bridlington
Processing Record 35 of Set 11 | montepuez
Processing Record 36 of Set 11 | thinadhoo
Processing Record 37 of Set 11 | camacha
Processing Record 38 of Set 11 | kasra
City not found. Skipping...
Processing Record 39 of Set 11 | hami
Processing Record 40 of Set 11 | hofn
Processing Record 41 of Set 11 | cairns
Processing Record 42 of Set 11 | marsh harbour
Processing Record 43 of Set 11 | topliceni
Processing Record 44 of Set 11 | isla vista
Processing Record 45 of Set 11 | palana
Processing Record 46 of Set 11 | ciudad guayana
Processing Record 47 of Set 11 | waipawa
Processing Record 48 of Set 11 | dreux
Processing Record 49 of Set 11 | lima
Processing Record 0 of Set 12 | kot kapura
City not found. Skipping...
Processing Record 1 of Set 12 | penzance
Processing Record 2 of Set 12 | romitan
Processing Record 3 of Set 12 | kotka
Processing Record 4 of Set 12 | sebinkarahisar
Processing Record 5 of Set 12 | alice springs
Processing Record 6 of Set 12 | peleduy
Processing Record 7 of Set 12 | svetlogorsk
Processing Record 8 of Set 12 | riyadh
Processing Record 9 of Set 12 | sesimbra
Processing Record 10 of Set 12 | kirchzarten
Processing Record 11 of Set 12 | xudat
Processing Record 12 of Set 12 | seydi
Processing Record 13 of Set 12 | capreol
Processing Record 14 of Set 12 | mendahara
City not found. Skipping...
Processing Record 15 of Set 12 | baruun-urt
Processing Record 16 of Set 12 | baracoa
Processing Record 17 of Set 12 | tabuk
Processing Record 18 of Set 12 | fortuna foothills
Processing Record 19 of Set 12 | vestmannaeyjar
Processing Record 20 of Set 12 | acapulco
Processing Record 21 of Set 12 | skelleftea
Processing Record 22 of Set 12 | flin flon
Processing Record 23 of Set 12 | chas
Processing Record 24 of Set 12 | alamosa
Processing Record 25 of Set 12 | ahuimanu
Processing Record 26 of Set 12 | olteni
Processing Record 27 of Set 12 | tamiahua
Processing Record 28 of Set 12 | ketchenery
City not found. Skipping...
Processing Record 29 of Set 12 | piranhas
Processing Record 30 of Set 12 | samarai
Processing Record 31 of Set 12 | grindavik
Processing Record 32 of Set 12 | porto belo
Processing Record 33 of Set 12 | andenes
City not found. Skipping...
Processing Record 34 of Set 12 | bokspits
City not found. Skipping...
Processing Record 35 of Set 12 | muros
Processing Record 36 of Set 12 | sahrak
City not found. Skipping...
Processing Record 37 of Set 12 | cochrane
Processing Record 38 of Set 12 | westport
Processing Record 39 of Set 12 | areosa
Processing Record 40 of Set 12 | belyy yar
Processing Record 41 of Set 12 | barcelos
Processing Record 42 of Set 12 | lazaro cardenas
Processing Record 43 of Set 12 | biak
Processing Record 44 of Set 12 | loreto
Processing Record 45 of Set 12 | almaznyy
Processing Record 46 of Set 12 | west wendover
Processing Record 47 of Set 12 | kesinga
Processing Record 48 of Set 12 | bud
Processing Record 49 of Set 12 | jizan
Processing Record 0 of Set 13 | port antonio
Processing Record 1 of Set 13 | dolbeau
City not found. Skipping...
Processing Record 2 of Set 13 | malwan
City not found. Skipping...
Processing Record 3 of Set 13 | geraldton
Processing Record 4 of Set 13 | susurluk
Processing Record 5 of Set 13 | riachao
Processing Record 6 of Set 13 | nova vicosa
Processing Record 7 of Set 13 | thunder bay
Processing Record 8 of Set 13 | russell
Processing Record 9 of Set 13 | rocha
Processing Record 10 of Set 13 | ryotsu
Processing Record 11 of Set 13 | rassvet
Processing Record 12 of Set 13 | bismarck
Processing Record 13 of Set 13 | davila
Processing Record 14 of Set 13 | ponta delgada
Processing Record 15 of Set 13 | isangel
Processing Record 16 of Set 13 | cabedelo
Processing Record 17 of Set 13 | pouebo
Processing Record 18 of Set 13 | xichang
Processing Record 19 of Set 13 | praia
Processing Record 20 of Set 13 | puerto colombia
Processing Record 21 of Set 13 | fatick
Processing Record 22 of Set 13 | brigantine
Processing Record 23 of Set 13 | srandakan
Processing Record 24 of Set 13 | sindor
Processing Record 25 of Set 13 | mayumba
Processing Record 26 of Set 13 | alyangula
Processing Record 27 of Set 13 | ekhabi
Processing Record 28 of Set 13 | hyderabad
Processing Record 29 of Set 13 | tucurui
Processing Record 30 of Set 13 | warri
Processing Record 31 of Set 13 | ambovombe
Processing Record 32 of Set 13 | armacao dos buzios
City not found. Skipping...
Processing Record 33 of Set 13 | makinsk
Processing Record 34 of Set 13 | revelstoke
Processing Record 35 of Set 13 | sagua la grande
Processing Record 36 of Set 13 | kot putli
City not found. Skipping...
Processing Record 37 of Set 13 | khonuu
City not found. Skipping...
Processing Record 38 of Set 13 | udachnyy
Processing Record 39 of Set 13 | kenitra
Processing Record 40 of Set 13 | aswan
Processing Record 41 of Set 13 | himora
City not found. Skipping...
Processing Record 42 of Set 13 | sapele
Processing Record 43 of Set 13 | shirvan
City not found. Skipping...
Processing Record 44 of Set 13 | tianpeng
Processing Record 45 of Set 13 | kumano
Processing Record 46 of Set 13 | maracas
Processing Record 47 of Set 13 | hebertville
City not found. Skipping...
------------------------------
Data Retrieval Complete
------------------------------



------------------------------
Summary Statistics
------------------------------
Total Rows Processed     : 648
Total Rows Successful    : 575
Total Rows Failed        : 73
------------------------------
